<?xml version="1.0" encoding="UTF-8"?>
<testng-results ignored="0" total="2" passed="2" failed="0" skipped="0">
  <reporter-output>
  </reporter-output>
  <suite started-at="2024-11-16T15:46:55 IST" name="Default suite" finished-at="2024-11-16T15:47:31 IST" duration-ms="36344">
    <groups>
    </groups>
    <test started-at="2024-11-16T15:46:55 IST" name="Default test" finished-at="2024-11-16T15:47:31 IST" duration-ms="36344">
      <class name="com.AppiumTest.GenymotionDevice.BrowserTest">
        <test-method is-config="true" signature="setup()[pri:0, instance:com.AppiumTest.GenymotionDevice.BrowserTest@7f3b84b8]" started-at="2024-11-16T15:46:55 IST" name="setup" finished-at="2024-11-16T15:47:15 IST" duration-ms="20593" status="PASS">
          <reporter-output>
          </reporter-output>
        </test-method> <!-- setup -->
        <test-method signature="search()[pri:1, instance:com.AppiumTest.GenymotionDevice.BrowserTest@7f3b84b8]" started-at="2024-11-16T15:47:15 IST" name="search" finished-at="2024-11-16T15:47:19 IST" duration-ms="3097" status="PASS">
          <reporter-output>
          </reporter-output>
        </test-method> <!-- search -->
        <test-method is-config="true" signature="teardown()[pri:0, instance:com.AppiumTest.GenymotionDevice.BrowserTest@7f3b84b8]" started-at="2024-11-16T15:47:19 IST" name="teardown" finished-at="2024-11-16T15:47:24 IST" duration-ms="5003" status="PASS">
          <reporter-output>
          </reporter-output>
        </test-method> <!-- teardown -->
        <test-method signature="SelectOption()[pri:2, instance:com.AppiumTest.GenymotionDevice.BrowserTest@7f3b84b8]" started-at="2024-11-16T15:47:24 IST" name="SelectOption" finished-at="2024-11-16T15:47:26 IST" duration-ms="2556" status="PASS">
          <reporter-output>
          </reporter-output>
        </test-method> <!-- SelectOption -->
        <test-method is-config="true" signature="teardown()[pri:0, instance:com.AppiumTest.GenymotionDevice.BrowserTest@7f3b84b8]" started-at="2024-11-16T15:47:26 IST" name="teardown" finished-at="2024-11-16T15:47:31 IST" duration-ms="5001" status="PASS">
          <reporter-output>
          </reporter-output>
        </test-method> <!-- teardown -->
      </class> <!-- com.AppiumTest.GenymotionDevice.BrowserTest -->
    </test> <!-- Default test -->
  </suite> <!-- Default suite -->
</testng-results>
